{"logTime": "0410/122552", "correlationVector":"BBws8b75slGjNpiUZ2TtxB.1","action":"SyncServerConnectionManagerRequest", "result":"SYNC_SERVER_OK", "context":{"environment":"Prod_SoutheastAsia_000j", "migrationStage":"NotStarted", "server":"GENERAL0300001D"}}
{"logTime": "0410/122552", "correlationVector":"BBws8b75slGjNpiUZ2TtxB","action":"Initial GetUpdates", "result":"", "context":Reason: NEW_CLIENT. cV=BBws8b75slGjNpiUZ2TtxB}
{"logTime": "0410/122552", "correlationVector":"BBws8b75slGjNpiUZ2TtxB.2","action":"GetUpdates Response", "result":"Success", "context":Received 1 update(s). cV=BBws8b75slGjNpiUZ2TtxB.0;server=GENERAL0300001D;cloudType=Consumer;environment=Prod_SoutheastAsia_000j;migrationStage=NotStarted}
{"logTime": "0410/122554", "correlationVector":"wsCRvZVGiCp5BnnnEdf2Ah","action":"SyncServerConnectionManagerRequest", "result":"SYNC_SERVER_OK", "context":{"environment":"", "migrationStage":"", "server":""}}
{"logTime": "0410/122554", "correlationVector":"Zw6hnBUF5EAP4pfPoeuaAY","action":"Initial GetUpdates", "result":"", "context":Reason: NEW_CLIENT. cV=Zw6hnBUF5EAP4pfPoeuaAY}
{"logTime": "0410/122554", "correlationVector":"Zw6hnBUF5EAP4pfPoeuaAY.1","action":"SyncServerConnectionManagerRequest", "result":"SYNC_SERVER_OK", "context":{"environment":"Prod_SoutheastAsia_000j", "migrationStage":"NotStarted", "server":"GENERAL0100000K"}}
{"logTime": "0410/122554", "correlationVector":"Zw6hnBUF5EAP4pfPoeuaAY.2","action":"GetUpdates Response", "result":"Success", "context":Received 2 update(s). cV=Zw6hnBUF5EAP4pfPoeuaAY.0;server=GENERAL0100000K;cloudType=Consumer;environment=Prod_SoutheastAsia_000j;migrationStage=NotStarted}
{"logTime": "0410/122554", "correlationVector":"4EWHc3ukRgZbB/VXKZD8k5","action":"Normal GetUpdate request", "result":"", "context":cV=4EWHc3ukRgZbB/VXKZD8k5
Nudged types: Device Info, User Consents
Refresh requested types: Device Info, User Consents, Send Tab To Self, Encryption Keys}
{"logTime": "0410/122554", "correlationVector":"4EWHc3ukRgZbB/VXKZD8k5.1","action":"SyncServerConnectionManagerRequest", "result":"SYNC_SERVER_OK", "context":{"environment":"Prod_SoutheastAsia_000j", "migrationStage":"NotStarted", "server":"GENERAL0100001C"}}
{"logTime": "0410/122554", "correlationVector":"4EWHc3ukRgZbB/VXKZD8k5.2","action":"GetUpdates Response", "result":"Success", "context":Received 0 update(s). cV=4EWHc3ukRgZbB/VXKZD8k5.0;server=GENERAL0100001C;cloudType=Consumer;environment=Prod_SoutheastAsia_000j;migrationStage=NotStarted}
{"logTime": "0410/122554", "correlationVector":"OgO5kGo3lnlZZ5GvJ+7kKD","action":"Commit Request", "result":"", "context":Item count: 2
Contributing types: Device Info, User Consents}
{"logTime": "0410/122555", "correlationVector":"OgO5kGo3lnlZZ5GvJ+7kKD.1","action":"SyncServerConnectionManagerRequest", "result":"SYNC_SERVER_OK", "context":{"environment":"Prod_SoutheastAsia_000j", "migrationStage":"NotStarted", "server":"GENERAL0300000O"}}
{"logTime": "0410/122555", "correlationVector":"OgO5kGo3lnlZZ5GvJ+7kKD.2","action":"Commit Response", "result":"Success", "context":Result: Success. cV=OgO5kGo3lnlZZ5GvJ+7kKD.0;server=GENERAL0300000O;cloudType=Consumer;environment=Prod_SoutheastAsia_000j;migrationStage=NotStarted}
{"logTime": "0410/122555", "correlationVector":"z9Dpf28YICLm7Fv4wqRkfY","action":"Normal GetUpdate request", "result":"", "context":cV=z9Dpf28YICLm7Fv4wqRkfY
Nudged types: Device Info}
{"logTime": "0410/122555", "correlationVector":"z9Dpf28YICLm7Fv4wqRkfY.1","action":"SyncServerConnectionManagerRequest", "result":"SYNC_SERVER_OK", "context":{"environment":"Prod_SoutheastAsia_000j", "migrationStage":"NotStarted", "server":"GENERAL0300001H"}}
{"logTime": "0410/122555", "correlationVector":"z9Dpf28YICLm7Fv4wqRkfY.2","action":"GetUpdates Response", "result":"Success", "context":Received 1 update(s). cV=z9Dpf28YICLm7Fv4wqRkfY.0;server=GENERAL0300001H;cloudType=Consumer;environment=Prod_SoutheastAsia_000j;migrationStage=NotStarted}
